2024-11-29 15:21:32,026 [Worker-1: Loading available Gradle versions] INFO  o.e.b.c.i.u.g.PublishedGradleVersions - Gradle version information cache is not available. Remote download required.
2024-11-29 15:22:09,029 [Worker-4: Importing Maven projects] INFO  o.e.m.c.i.l.LifecycleMappingFactory - Using org.eclipse.m2e.jdt.JarLifecycleMapping lifecycle mapping for MavenProject: com.ecommerce:ecommerce-api-gateway:0.0.1-SNAPSHOT @ C:\Users\piysaxen\Desktop\DATE-28 11 24 FINAL eCOMMERCE WITH IMAGES AND CART VALIDATION\backend\ecommerce-api-gateway\pom.xml.
2024-11-29 15:22:11,953 [Worker-4: Importing Maven projects] INFO  o.e.m.c.i.l.LifecycleMappingFactory - Using org.eclipse.m2e.jdt.JarLifecycleMapping lifecycle mapping for MavenProject: com.ecommerce:ecommerce-cart-service:0.0.1-SNAPSHOT @ C:\Users\piysaxen\Desktop\DATE-28 11 24 FINAL eCOMMERCE WITH IMAGES AND CART VALIDATION\backend\ecommerce-cart-service\pom.xml.
2024-11-29 15:22:13,462 [Worker-4: Importing Maven projects] INFO  o.e.m.c.i.l.LifecycleMappingFactory - Using org.eclipse.m2e.jdt.JarLifecycleMapping lifecycle mapping for MavenProject: com.ecommerce:ecommerce-order-service:0.0.1-SNAPSHOT @ C:\Users\piysaxen\Desktop\DATE-28 11 24 FINAL eCOMMERCE WITH IMAGES AND CART VALIDATION\backend\ecommerce-order-service\pom.xml.
2024-11-29 15:22:14,130 [Worker-4: Importing Maven projects] INFO  o.e.m.c.i.l.LifecycleMappingFactory - Using org.eclipse.m2e.jdt.JarLifecycleMapping lifecycle mapping for MavenProject: com.ecommerce:ecommerce-product-service:0.0.1-SNAPSHOT @ C:\Users\piysaxen\Desktop\DATE-28 11 24 FINAL eCOMMERCE WITH IMAGES AND CART VALIDATION\backend\ecommerce-product-service\pom.xml.
2024-11-29 15:22:14,818 [Worker-4: Importing Maven projects] INFO  o.e.m.c.i.l.LifecycleMappingFactory - Using org.eclipse.m2e.jdt.JarLifecycleMapping lifecycle mapping for MavenProject: com.ecommerce:ecommerce-service-registry:0.0.1-SNAPSHOT @ C:\Users\piysaxen\Desktop\DATE-28 11 24 FINAL eCOMMERCE WITH IMAGES AND CART VALIDATION\backend\ecommerce-service-registry\pom.xml.
2024-11-29 15:22:15,552 [Worker-4: Importing Maven projects] INFO  o.e.m.c.i.l.LifecycleMappingFactory - Using org.eclipse.m2e.jdt.JarLifecycleMapping lifecycle mapping for MavenProject: com.ecommerce:ecommerce-user-service:0.0.1-SNAPSHOT @ C:\Users\piysaxen\Desktop\DATE-28 11 24 FINAL eCOMMERCE WITH IMAGES AND CART VALIDATION\backend\ecommerce-user-service\pom.xml.
2024-11-29 15:22:24,569 [Worker-4: Importing Maven projects] INFO  o.e.m.j.i.AbstractJavaProjectConfigurator - Adding source folder /ecommerce-api-gateway/src/main/java
2024-11-29 15:22:24,575 [Worker-4: Importing Maven projects] INFO  o.e.m.j.i.AbstractJavaProjectConfigurator - Adding resource folder /ecommerce-api-gateway/src/main/resources
2024-11-29 15:22:24,578 [Worker-4: Importing Maven projects] INFO  o.e.m.j.i.AbstractJavaProjectConfigurator - Adding resource folder /ecommerce-api-gateway/src/main/resources
2024-11-29 15:22:24,580 [Worker-4: Importing Maven projects] INFO  o.e.m.j.i.AbstractJavaProjectConfigurator - Adding source folder /ecommerce-api-gateway/src/test/java
2024-11-29 15:22:24,585 [Worker-4: Importing Maven projects] INFO  o.e.m.j.i.AbstractJavaProjectConfigurator - Adding resource folder /ecommerce-api-gateway/src/test/resources
2024-11-29 15:22:26,432 [Worker-4: Importing Maven projects] INFO  o.e.m.j.i.AbstractJavaProjectConfigurator - Adding source folder /ecommerce-user-service/src/main/java
2024-11-29 15:22:26,434 [Worker-4: Importing Maven projects] INFO  o.e.m.j.i.AbstractJavaProjectConfigurator - Adding resource folder /ecommerce-user-service/src/main/resources
2024-11-29 15:22:26,437 [Worker-4: Importing Maven projects] INFO  o.e.m.j.i.AbstractJavaProjectConfigurator - Adding resource folder /ecommerce-user-service/src/main/resources
2024-11-29 15:22:26,438 [Worker-4: Importing Maven projects] INFO  o.e.m.j.i.AbstractJavaProjectConfigurator - Adding source folder /ecommerce-user-service/src/test/java
2024-11-29 15:22:26,440 [Worker-4: Importing Maven projects] INFO  o.e.m.j.i.AbstractJavaProjectConfigurator - Adding resource folder /ecommerce-user-service/src/test/resources
2024-11-29 15:22:28,242 [Worker-4: Importing Maven projects] INFO  o.e.m.j.i.AbstractJavaProjectConfigurator - Adding source folder /ecommerce-cart-service/src/main/java
2024-11-29 15:22:28,245 [Worker-4: Importing Maven projects] INFO  o.e.m.j.i.AbstractJavaProjectConfigurator - Adding resource folder /ecommerce-cart-service/src/main/resources
2024-11-29 15:22:28,248 [Worker-4: Importing Maven projects] INFO  o.e.m.j.i.AbstractJavaProjectConfigurator - Adding resource folder /ecommerce-cart-service/src/main/resources
2024-11-29 15:22:28,249 [Worker-4: Importing Maven projects] INFO  o.e.m.j.i.AbstractJavaProjectConfigurator - Adding source folder /ecommerce-cart-service/src/test/java
2024-11-29 15:22:28,252 [Worker-4: Importing Maven projects] INFO  o.e.m.j.i.AbstractJavaProjectConfigurator - Adding resource folder /ecommerce-cart-service/src/test/resources
2024-11-29 15:22:30,108 [Worker-4: Importing Maven projects] INFO  o.e.m.j.i.AbstractJavaProjectConfigurator - Adding source folder /ecommerce-order-service/src/main/java
2024-11-29 15:22:30,111 [Worker-4: Importing Maven projects] INFO  o.e.m.j.i.AbstractJavaProjectConfigurator - Adding resource folder /ecommerce-order-service/src/main/resources
2024-11-29 15:22:30,114 [Worker-4: Importing Maven projects] INFO  o.e.m.j.i.AbstractJavaProjectConfigurator - Adding resource folder /ecommerce-order-service/src/main/resources
2024-11-29 15:22:30,116 [Worker-4: Importing Maven projects] INFO  o.e.m.j.i.AbstractJavaProjectConfigurator - Adding source folder /ecommerce-order-service/src/test/java
2024-11-29 15:22:30,119 [Worker-4: Importing Maven projects] INFO  o.e.m.j.i.AbstractJavaProjectConfigurator - Adding resource folder /ecommerce-order-service/src/test/resources
2024-11-29 15:22:31,631 [Worker-4: Importing Maven projects] INFO  o.e.m.j.i.AbstractJavaProjectConfigurator - Adding source folder /ecommerce-product-service/src/main/java
2024-11-29 15:22:31,633 [Worker-4: Importing Maven projects] INFO  o.e.m.j.i.AbstractJavaProjectConfigurator - Adding resource folder /ecommerce-product-service/src/main/resources
2024-11-29 15:22:31,636 [Worker-4: Importing Maven projects] INFO  o.e.m.j.i.AbstractJavaProjectConfigurator - Adding resource folder /ecommerce-product-service/src/main/resources
2024-11-29 15:22:31,637 [Worker-4: Importing Maven projects] INFO  o.e.m.j.i.AbstractJavaProjectConfigurator - Adding source folder /ecommerce-product-service/src/test/java
2024-11-29 15:22:31,641 [Worker-4: Importing Maven projects] INFO  o.e.m.j.i.AbstractJavaProjectConfigurator - Adding resource folder /ecommerce-product-service/src/test/resources
2024-11-29 15:22:33,228 [Worker-4: Importing Maven projects] INFO  o.e.m.j.i.AbstractJavaProjectConfigurator - Adding source folder /ecommerce-service-registry/src/main/java
2024-11-29 15:22:33,231 [Worker-4: Importing Maven projects] INFO  o.e.m.j.i.AbstractJavaProjectConfigurator - Adding resource folder /ecommerce-service-registry/src/main/resources
2024-11-29 15:22:33,234 [Worker-4: Importing Maven projects] INFO  o.e.m.j.i.AbstractJavaProjectConfigurator - Adding resource folder /ecommerce-service-registry/src/main/resources
2024-11-29 15:22:33,235 [Worker-4: Importing Maven projects] INFO  o.e.m.j.i.AbstractJavaProjectConfigurator - Adding source folder /ecommerce-service-registry/src/test/java
2024-11-29 15:22:33,238 [Worker-4: Importing Maven projects] INFO  o.e.m.j.i.AbstractJavaProjectConfigurator - Adding resource folder /ecommerce-service-registry/src/test/resources
2024-11-29 15:22:34,555 [Worker-4: Importing Maven projects] INFO  o.e.m.c.i.p.ProjectConfigurationManager - Imported and configured 6 project(s) in 38 sec
2024-11-29 15:22:36,446 [Worker-3: Updating Maven Project] INFO  o.e.m.c.i.p.ProjectConfigurationManager - Update started
2024-11-29 15:22:42,572 [Worker-3: Updating Maven Project] INFO  o.e.m.c.i.l.LifecycleMappingFactory - Using org.eclipse.m2e.jdt.JarLifecycleMapping lifecycle mapping for MavenProject: com.ecommerce:ecommerce-api-gateway:0.0.1-SNAPSHOT @ C:\Users\piysaxen\Desktop\DATE-28 11 24 FINAL eCOMMERCE WITH IMAGES AND CART VALIDATION\backend\ecommerce-api-gateway\pom.xml.
2024-11-29 15:22:44,801 [Worker-3: Updating Maven Project] INFO  o.e.m.c.i.l.LifecycleMappingFactory - Using org.eclipse.m2e.jdt.JarLifecycleMapping lifecycle mapping for MavenProject: com.ecommerce:ecommerce-cart-service:0.0.1-SNAPSHOT @ C:\Users\piysaxen\Desktop\DATE-28 11 24 FINAL eCOMMERCE WITH IMAGES AND CART VALIDATION\backend\ecommerce-cart-service\pom.xml.
2024-11-29 15:22:45,960 [Worker-3: Updating Maven Project] INFO  o.e.m.c.i.l.LifecycleMappingFactory - Using org.eclipse.m2e.jdt.JarLifecycleMapping lifecycle mapping for MavenProject: com.ecommerce:ecommerce-order-service:0.0.1-SNAPSHOT @ C:\Users\piysaxen\Desktop\DATE-28 11 24 FINAL eCOMMERCE WITH IMAGES AND CART VALIDATION\backend\ecommerce-order-service\pom.xml.
2024-11-29 15:22:46,535 [Worker-3: Updating Maven Project] INFO  o.e.m.c.i.l.LifecycleMappingFactory - Using org.eclipse.m2e.jdt.JarLifecycleMapping lifecycle mapping for MavenProject: com.ecommerce:ecommerce-product-service:0.0.1-SNAPSHOT @ C:\Users\piysaxen\Desktop\DATE-28 11 24 FINAL eCOMMERCE WITH IMAGES AND CART VALIDATION\backend\ecommerce-product-service\pom.xml.
2024-11-29 15:22:47,404 [Worker-3: Updating Maven Project] INFO  o.e.m.c.i.l.LifecycleMappingFactory - Using org.eclipse.m2e.jdt.JarLifecycleMapping lifecycle mapping for MavenProject: com.ecommerce:ecommerce-service-registry:0.0.1-SNAPSHOT @ C:\Users\piysaxen\Desktop\DATE-28 11 24 FINAL eCOMMERCE WITH IMAGES AND CART VALIDATION\backend\ecommerce-service-registry\pom.xml.
2024-11-29 15:22:48,135 [Worker-3: Updating Maven Project] INFO  o.e.m.c.i.l.LifecycleMappingFactory - Using org.eclipse.m2e.jdt.JarLifecycleMapping lifecycle mapping for MavenProject: com.ecommerce:ecommerce-user-service:0.0.1-SNAPSHOT @ C:\Users\piysaxen\Desktop\DATE-28 11 24 FINAL eCOMMERCE WITH IMAGES AND CART VALIDATION\backend\ecommerce-user-service\pom.xml.
2024-11-29 15:22:55,791 [Worker-3: Updating Maven Project] INFO  o.e.m.j.i.AbstractJavaProjectConfigurator - Adding source folder /ecommerce-api-gateway/src/main/java
2024-11-29 15:22:55,793 [Worker-3: Updating Maven Project] INFO  o.e.m.j.i.AbstractJavaProjectConfigurator - Adding resource folder /ecommerce-api-gateway/src/main/resources
2024-11-29 15:22:55,796 [Worker-3: Updating Maven Project] INFO  o.e.m.j.i.AbstractJavaProjectConfigurator - Adding resource folder /ecommerce-api-gateway/src/main/resources
2024-11-29 15:22:55,797 [Worker-3: Updating Maven Project] INFO  o.e.m.j.i.AbstractJavaProjectConfigurator - Adding source folder /ecommerce-api-gateway/src/test/java
2024-11-29 15:22:55,800 [Worker-3: Updating Maven Project] INFO  o.e.m.j.i.AbstractJavaProjectConfigurator - Adding resource folder /ecommerce-api-gateway/src/test/resources
2024-11-29 15:22:57,620 [Worker-3: Updating Maven Project] INFO  o.e.m.j.i.AbstractJavaProjectConfigurator - Adding source folder /ecommerce-cart-service/src/main/java
2024-11-29 15:22:57,622 [Worker-3: Updating Maven Project] INFO  o.e.m.j.i.AbstractJavaProjectConfigurator - Adding resource folder /ecommerce-cart-service/src/main/resources
2024-11-29 15:22:57,627 [Worker-3: Updating Maven Project] INFO  o.e.m.j.i.AbstractJavaProjectConfigurator - Adding resource folder /ecommerce-cart-service/src/main/resources
2024-11-29 15:22:57,628 [Worker-3: Updating Maven Project] INFO  o.e.m.j.i.AbstractJavaProjectConfigurator - Adding source folder /ecommerce-cart-service/src/test/java
2024-11-29 15:22:57,633 [Worker-3: Updating Maven Project] INFO  o.e.m.j.i.AbstractJavaProjectConfigurator - Adding resource folder /ecommerce-cart-service/src/test/resources
2024-11-29 15:22:59,800 [Worker-3: Updating Maven Project] INFO  o.e.m.j.i.AbstractJavaProjectConfigurator - Adding source folder /ecommerce-order-service/src/main/java
2024-11-29 15:22:59,803 [Worker-3: Updating Maven Project] INFO  o.e.m.j.i.AbstractJavaProjectConfigurator - Adding resource folder /ecommerce-order-service/src/main/resources
2024-11-29 15:22:59,806 [Worker-3: Updating Maven Project] INFO  o.e.m.j.i.AbstractJavaProjectConfigurator - Adding resource folder /ecommerce-order-service/src/main/resources
2024-11-29 15:22:59,807 [Worker-3: Updating Maven Project] INFO  o.e.m.j.i.AbstractJavaProjectConfigurator - Adding source folder /ecommerce-order-service/src/test/java
2024-11-29 15:22:59,811 [Worker-3: Updating Maven Project] INFO  o.e.m.j.i.AbstractJavaProjectConfigurator - Adding resource folder /ecommerce-order-service/src/test/resources
2024-11-29 15:23:01,772 [Worker-3: Updating Maven Project] INFO  o.e.m.j.i.AbstractJavaProjectConfigurator - Adding source folder /ecommerce-product-service/src/main/java
2024-11-29 15:23:01,776 [Worker-3: Updating Maven Project] INFO  o.e.m.j.i.AbstractJavaProjectConfigurator - Adding resource folder /ecommerce-product-service/src/main/resources
2024-11-29 15:23:01,781 [Worker-3: Updating Maven Project] INFO  o.e.m.j.i.AbstractJavaProjectConfigurator - Adding resource folder /ecommerce-product-service/src/main/resources
2024-11-29 15:23:01,784 [Worker-3: Updating Maven Project] INFO  o.e.m.j.i.AbstractJavaProjectConfigurator - Adding source folder /ecommerce-product-service/src/test/java
2024-11-29 15:23:01,787 [Worker-3: Updating Maven Project] INFO  o.e.m.j.i.AbstractJavaProjectConfigurator - Adding resource folder /ecommerce-product-service/src/test/resources
2024-11-29 15:23:03,596 [Worker-3: Updating Maven Project] INFO  o.e.m.j.i.AbstractJavaProjectConfigurator - Adding source folder /ecommerce-service-registry/src/main/java
2024-11-29 15:23:03,599 [Worker-3: Updating Maven Project] INFO  o.e.m.j.i.AbstractJavaProjectConfigurator - Adding resource folder /ecommerce-service-registry/src/main/resources
2024-11-29 15:23:03,601 [Worker-3: Updating Maven Project] INFO  o.e.m.j.i.AbstractJavaProjectConfigurator - Adding resource folder /ecommerce-service-registry/src/main/resources
2024-11-29 15:23:03,602 [Worker-3: Updating Maven Project] INFO  o.e.m.j.i.AbstractJavaProjectConfigurator - Adding source folder /ecommerce-service-registry/src/test/java
2024-11-29 15:23:03,605 [Worker-3: Updating Maven Project] INFO  o.e.m.j.i.AbstractJavaProjectConfigurator - Adding resource folder /ecommerce-service-registry/src/test/resources
2024-11-29 15:23:05,565 [Worker-3: Updating Maven Project] INFO  o.e.m.j.i.AbstractJavaProjectConfigurator - Adding source folder /ecommerce-user-service/src/main/java
2024-11-29 15:23:05,567 [Worker-3: Updating Maven Project] INFO  o.e.m.j.i.AbstractJavaProjectConfigurator - Adding resource folder /ecommerce-user-service/src/main/resources
2024-11-29 15:23:05,570 [Worker-3: Updating Maven Project] INFO  o.e.m.j.i.AbstractJavaProjectConfigurator - Adding resource folder /ecommerce-user-service/src/main/resources
2024-11-29 15:23:05,571 [Worker-3: Updating Maven Project] INFO  o.e.m.j.i.AbstractJavaProjectConfigurator - Adding source folder /ecommerce-user-service/src/test/java
2024-11-29 15:23:05,573 [Worker-3: Updating Maven Project] INFO  o.e.m.j.i.AbstractJavaProjectConfigurator - Adding resource folder /ecommerce-user-service/src/test/resources
2024-11-29 15:23:08,926 [Worker-3: Updating Maven Project] INFO  o.e.m.c.i.p.ProjectConfigurationManager - Update completed for 6 poms: local refresh takes 0.00 sec, refresh facades takes 18.00 sec, update config takes 11.00 sec 
2024-11-29 15:23:11,645 [Worker-15: Building] INFO  o.e.m.c.i.embedder.EclipseLogger - Using 'UTF-8' encoding to copy filtered resources.
2024-11-29 15:23:11,646 [Worker-15: Building] INFO  o.e.m.c.i.embedder.EclipseLogger - Using 'UTF-8' encoding to copy filtered properties files.
2024-11-29 15:23:11,655 [Worker-15: Building] INFO  o.e.m.c.i.embedder.EclipseLogger - Copying 2 resources
2024-11-29 15:23:11,696 [Worker-15: Building] INFO  o.e.m.c.i.embedder.EclipseLogger - Copying 0 resource
2024-11-29 15:23:11,705 [Worker-15: Building] INFO  o.e.m.c.i.embedder.EclipseLogger - Using 'UTF-8' encoding to copy filtered resources.
2024-11-29 15:23:11,705 [Worker-15: Building] INFO  o.e.m.c.i.embedder.EclipseLogger - Using 'UTF-8' encoding to copy filtered properties files.
2024-11-29 15:23:11,705 [Worker-15: Building] INFO  o.e.m.c.i.embedder.EclipseLogger - skip non existing resourceDirectory C:\Users\piysaxen\Desktop\DATE-28 11 24 FINAL eCOMMERCE WITH IMAGES AND CART VALIDATION\backend\ecommerce-api-gateway\src\test\resources
2024-11-29 15:23:14,830 [Worker-15: Building] INFO  o.e.m.c.i.embedder.EclipseLogger - Using 'UTF-8' encoding to copy filtered resources.
2024-11-29 15:23:14,830 [Worker-15: Building] INFO  o.e.m.c.i.embedder.EclipseLogger - Using 'UTF-8' encoding to copy filtered properties files.
2024-11-29 15:23:14,831 [Worker-15: Building] INFO  o.e.m.c.i.embedder.EclipseLogger - Copying 2 resources
2024-11-29 15:23:14,872 [Worker-15: Building] INFO  o.e.m.c.i.embedder.EclipseLogger - Copying 1 resource
2024-11-29 15:23:14,898 [Worker-15: Building] INFO  o.e.m.c.i.embedder.EclipseLogger - Using 'UTF-8' encoding to copy filtered resources.
2024-11-29 15:23:14,898 [Worker-15: Building] INFO  o.e.m.c.i.embedder.EclipseLogger - Using 'UTF-8' encoding to copy filtered properties files.
2024-11-29 15:23:14,898 [Worker-15: Building] INFO  o.e.m.c.i.embedder.EclipseLogger - skip non existing resourceDirectory C:\Users\piysaxen\Desktop\DATE-28 11 24 FINAL eCOMMERCE WITH IMAGES AND CART VALIDATION\backend\ecommerce-cart-service\src\test\resources
2024-11-29 15:23:17,573 [Worker-15: Building] INFO  o.e.m.c.i.embedder.EclipseLogger - Using 'UTF-8' encoding to copy filtered resources.
2024-11-29 15:23:17,574 [Worker-15: Building] INFO  o.e.m.c.i.embedder.EclipseLogger - Using 'UTF-8' encoding to copy filtered properties files.
2024-11-29 15:23:17,575 [Worker-15: Building] INFO  o.e.m.c.i.embedder.EclipseLogger - Copying 2 resources
2024-11-29 15:23:17,633 [Worker-15: Building] INFO  o.e.m.c.i.embedder.EclipseLogger - Copying 1 resource
2024-11-29 15:23:17,668 [Worker-15: Building] INFO  o.e.m.c.i.embedder.EclipseLogger - Using 'UTF-8' encoding to copy filtered resources.
2024-11-29 15:23:17,668 [Worker-15: Building] INFO  o.e.m.c.i.embedder.EclipseLogger - Using 'UTF-8' encoding to copy filtered properties files.
2024-11-29 15:23:17,669 [Worker-15: Building] INFO  o.e.m.c.i.embedder.EclipseLogger - skip non existing resourceDirectory C:\Users\piysaxen\Desktop\DATE-28 11 24 FINAL eCOMMERCE WITH IMAGES AND CART VALIDATION\backend\ecommerce-order-service\src\test\resources
2024-11-29 15:23:19,902 [Worker-15: Building] INFO  o.e.m.c.i.embedder.EclipseLogger - Using 'UTF-8' encoding to copy filtered resources.
2024-11-29 15:23:19,903 [Worker-15: Building] INFO  o.e.m.c.i.embedder.EclipseLogger - Using 'UTF-8' encoding to copy filtered properties files.
2024-11-29 15:23:19,904 [Worker-15: Building] INFO  o.e.m.c.i.embedder.EclipseLogger - Copying 2 resources
2024-11-29 15:23:19,947 [Worker-15: Building] INFO  o.e.m.c.i.embedder.EclipseLogger - Copying 1 resource
2024-11-29 15:23:19,965 [Worker-15: Building] INFO  o.e.m.c.i.embedder.EclipseLogger - Using 'UTF-8' encoding to copy filtered resources.
2024-11-29 15:23:19,966 [Worker-15: Building] INFO  o.e.m.c.i.embedder.EclipseLogger - Using 'UTF-8' encoding to copy filtered properties files.
2024-11-29 15:23:19,966 [Worker-15: Building] INFO  o.e.m.c.i.embedder.EclipseLogger - skip non existing resourceDirectory C:\Users\piysaxen\Desktop\DATE-28 11 24 FINAL eCOMMERCE WITH IMAGES AND CART VALIDATION\backend\ecommerce-product-service\src\test\resources
2024-11-29 15:23:21,290 [Worker-15: Building] INFO  o.e.m.c.i.embedder.EclipseLogger - Using 'UTF-8' encoding to copy filtered resources.
2024-11-29 15:23:21,291 [Worker-15: Building] INFO  o.e.m.c.i.embedder.EclipseLogger - Using 'UTF-8' encoding to copy filtered properties files.
2024-11-29 15:23:21,291 [Worker-15: Building] INFO  o.e.m.c.i.embedder.EclipseLogger - Copying 2 resources
2024-11-29 15:23:21,332 [Worker-15: Building] INFO  o.e.m.c.i.embedder.EclipseLogger - Copying 1 resource
2024-11-29 15:23:21,354 [Worker-15: Building] INFO  o.e.m.c.i.embedder.EclipseLogger - Using 'UTF-8' encoding to copy filtered resources.
2024-11-29 15:23:21,354 [Worker-15: Building] INFO  o.e.m.c.i.embedder.EclipseLogger - Using 'UTF-8' encoding to copy filtered properties files.
2024-11-29 15:23:21,355 [Worker-15: Building] INFO  o.e.m.c.i.embedder.EclipseLogger - skip non existing resourceDirectory C:\Users\piysaxen\Desktop\DATE-28 11 24 FINAL eCOMMERCE WITH IMAGES AND CART VALIDATION\backend\ecommerce-service-registry\src\test\resources
2024-11-29 15:23:23,823 [Worker-15: Building] INFO  o.e.m.c.i.embedder.EclipseLogger - Using 'UTF-8' encoding to copy filtered resources.
2024-11-29 15:23:23,823 [Worker-15: Building] INFO  o.e.m.c.i.embedder.EclipseLogger - Using 'UTF-8' encoding to copy filtered properties files.
2024-11-29 15:23:23,824 [Worker-15: Building] INFO  o.e.m.c.i.embedder.EclipseLogger - Copying 2 resources
2024-11-29 15:23:23,871 [Worker-15: Building] INFO  o.e.m.c.i.embedder.EclipseLogger - Copying 1 resource
2024-11-29 15:23:23,884 [Worker-15: Building] INFO  o.e.m.c.i.embedder.EclipseLogger - Using 'UTF-8' encoding to copy filtered resources.
2024-11-29 15:23:23,884 [Worker-15: Building] INFO  o.e.m.c.i.embedder.EclipseLogger - Using 'UTF-8' encoding to copy filtered properties files.
2024-11-29 15:23:23,884 [Worker-15: Building] INFO  o.e.m.c.i.embedder.EclipseLogger - skip non existing resourceDirectory C:\Users\piysaxen\Desktop\DATE-28 11 24 FINAL eCOMMERCE WITH IMAGES AND CART VALIDATION\backend\ecommerce-user-service\src\test\resources
2024-11-29 15:25:11,638 [Worker-0: Building] INFO  o.e.m.c.i.embedder.EclipseLogger - Using 'UTF-8' encoding to copy filtered resources.
2024-11-29 15:25:11,638 [Worker-0: Building] INFO  o.e.m.c.i.embedder.EclipseLogger - Using 'UTF-8' encoding to copy filtered properties files.
2024-11-29 15:25:11,646 [Worker-0: Building] INFO  o.e.m.c.i.embedder.EclipseLogger - Copying 1 resource
2024-11-29 15:25:11,697 [Worker-0: Building] INFO  o.e.m.c.i.embedder.EclipseLogger - Copying 0 resource
2024-11-29 15:25:11,713 [Worker-0: Building] INFO  o.e.m.c.i.embedder.EclipseLogger - Using 'UTF-8' encoding to copy filtered resources.
2024-11-29 15:25:11,714 [Worker-0: Building] INFO  o.e.m.c.i.embedder.EclipseLogger - Using 'UTF-8' encoding to copy filtered properties files.
2024-11-29 15:25:11,714 [Worker-0: Building] INFO  o.e.m.c.i.embedder.EclipseLogger - skip non existing resourceDirectory C:\Users\piysaxen\Desktop\DATE-28 11 24 FINAL eCOMMERCE WITH IMAGES AND CART VALIDATION\backend\ecommerce-product-service\src\test\resources
2024-11-29 17:17:34,934 [Worker-1: Loading available Gradle versions] INFO  o.e.b.c.i.u.g.PublishedGradleVersions - Gradle version information cache is up-to-date. Trying to read.
2024-11-29 22:28:06,489 [Worker-6: Loading available Gradle versions] INFO  o.e.b.c.i.u.g.PublishedGradleVersions - Gradle version information cache is up-to-date. Trying to read.
2024-11-29 22:45:49,442 [Worker-23: Building] INFO  o.e.m.c.i.embedder.EclipseLogger - Using 'UTF-8' encoding to copy filtered resources.
2024-11-29 22:45:49,449 [Worker-23: Building] INFO  o.e.m.c.i.embedder.EclipseLogger - Using 'UTF-8' encoding to copy filtered properties files.
2024-11-29 22:45:49,471 [Worker-23: Building] INFO  o.e.m.c.i.embedder.EclipseLogger - Copying 2 resources
2024-11-29 22:45:49,554 [Worker-23: Building] INFO  o.e.m.c.i.embedder.EclipseLogger - Copying 1 resource
2024-11-29 22:45:49,570 [Worker-23: Building] INFO  o.e.m.c.i.embedder.EclipseLogger - Using 'UTF-8' encoding to copy filtered resources.
2024-11-29 22:45:49,570 [Worker-23: Building] INFO  o.e.m.c.i.embedder.EclipseLogger - Using 'UTF-8' encoding to copy filtered properties files.
2024-11-29 22:45:49,571 [Worker-23: Building] INFO  o.e.m.c.i.embedder.EclipseLogger - skip non existing resourceDirectory C:\Users\piysaxen\Desktop\DATE-28 11 24 FINAL eCOMMERCE WITH IMAGES AND CART VALIDATION\backend\ecommerce-product-service\src\test\resources
2024-11-29 22:45:58,545 [Worker-4: Building] INFO  o.e.m.c.i.embedder.EclipseLogger - Using 'UTF-8' encoding to copy filtered resources.
2024-11-29 22:45:58,545 [Worker-4: Building] INFO  o.e.m.c.i.embedder.EclipseLogger - Using 'UTF-8' encoding to copy filtered properties files.
2024-11-29 22:45:58,547 [Worker-4: Building] INFO  o.e.m.c.i.embedder.EclipseLogger - Copying 2 resources
2024-11-29 22:45:58,572 [Worker-4: Building] INFO  o.e.m.c.i.embedder.EclipseLogger - Copying 1 resource
2024-11-29 22:45:58,584 [Worker-4: Building] INFO  o.e.m.c.i.embedder.EclipseLogger - Using 'UTF-8' encoding to copy filtered resources.
2024-11-29 22:45:58,585 [Worker-4: Building] INFO  o.e.m.c.i.embedder.EclipseLogger - Using 'UTF-8' encoding to copy filtered properties files.
2024-11-29 22:45:58,585 [Worker-4: Building] INFO  o.e.m.c.i.embedder.EclipseLogger - skip non existing resourceDirectory C:\Users\piysaxen\Desktop\DATE-28 11 24 FINAL eCOMMERCE WITH IMAGES AND CART VALIDATION\backend\ecommerce-product-service\src\test\resources
2024-11-29 22:46:59,550 [Worker-29: Building] INFO  o.e.m.c.i.embedder.EclipseLogger - Using 'UTF-8' encoding to copy filtered resources.
2024-11-29 22:46:59,551 [Worker-29: Building] INFO  o.e.m.c.i.embedder.EclipseLogger - Using 'UTF-8' encoding to copy filtered properties files.
2024-11-29 22:46:59,558 [Worker-29: Building] INFO  o.e.m.c.i.embedder.EclipseLogger - Copying 2 resources
2024-11-29 22:46:59,584 [Worker-29: Building] INFO  o.e.m.c.i.embedder.EclipseLogger - Copying 1 resource
2024-11-29 22:46:59,597 [Worker-29: Building] INFO  o.e.m.c.i.embedder.EclipseLogger - Using 'UTF-8' encoding to copy filtered resources.
2024-11-29 22:46:59,598 [Worker-29: Building] INFO  o.e.m.c.i.embedder.EclipseLogger - Using 'UTF-8' encoding to copy filtered properties files.
2024-11-29 22:46:59,599 [Worker-29: Building] INFO  o.e.m.c.i.embedder.EclipseLogger - skip non existing resourceDirectory C:\Users\piysaxen\Desktop\DATE-28 11 24 FINAL eCOMMERCE WITH IMAGES AND CART VALIDATION\backend\ecommerce-product-service\src\test\resources
2024-11-29 22:47:50,133 [Worker-4: Building] INFO  o.e.m.c.i.embedder.EclipseLogger - Using 'UTF-8' encoding to copy filtered resources.
2024-11-29 22:47:50,133 [Worker-4: Building] INFO  o.e.m.c.i.embedder.EclipseLogger - Using 'UTF-8' encoding to copy filtered properties files.
2024-11-29 22:47:50,137 [Worker-4: Building] INFO  o.e.m.c.i.embedder.EclipseLogger - Copying 2 resources
2024-11-29 22:47:50,209 [Worker-4: Building] INFO  o.e.m.c.i.embedder.EclipseLogger - Copying 1 resource
2024-11-29 22:47:50,309 [Worker-4: Building] INFO  o.e.m.c.i.embedder.EclipseLogger - Using 'UTF-8' encoding to copy filtered resources.
2024-11-29 22:47:50,310 [Worker-4: Building] INFO  o.e.m.c.i.embedder.EclipseLogger - Using 'UTF-8' encoding to copy filtered properties files.
2024-11-29 22:47:50,311 [Worker-4: Building] INFO  o.e.m.c.i.embedder.EclipseLogger - skip non existing resourceDirectory C:\Users\piysaxen\Desktop\DATE-28 11 24 FINAL eCOMMERCE WITH IMAGES AND CART VALIDATION\backend\ecommerce-product-service\src\test\resources
2024-11-29 22:48:37,731 [Worker-22: Building] INFO  o.e.m.c.i.embedder.EclipseLogger - Using 'UTF-8' encoding to copy filtered resources.
2024-11-29 22:48:37,733 [Worker-22: Building] INFO  o.e.m.c.i.embedder.EclipseLogger - Using 'UTF-8' encoding to copy filtered properties files.
2024-11-29 22:48:37,737 [Worker-22: Building] INFO  o.e.m.c.i.embedder.EclipseLogger - Copying 2 resources
2024-11-29 22:48:37,773 [Worker-22: Building] INFO  o.e.m.c.i.embedder.EclipseLogger - Copying 1 resource
2024-11-29 22:48:37,788 [Worker-22: Building] INFO  o.e.m.c.i.embedder.EclipseLogger - Using 'UTF-8' encoding to copy filtered resources.
2024-11-29 22:48:37,789 [Worker-22: Building] INFO  o.e.m.c.i.embedder.EclipseLogger - Using 'UTF-8' encoding to copy filtered properties files.
2024-11-29 22:48:37,789 [Worker-22: Building] INFO  o.e.m.c.i.embedder.EclipseLogger - skip non existing resourceDirectory C:\Users\piysaxen\Desktop\DATE-28 11 24 FINAL eCOMMERCE WITH IMAGES AND CART VALIDATION\backend\ecommerce-product-service\src\test\resources
2024-11-29 22:51:02,820 [Worker-4: Building] INFO  o.e.m.c.i.embedder.EclipseLogger - Using 'UTF-8' encoding to copy filtered resources.
2024-11-29 22:51:02,821 [Worker-4: Building] INFO  o.e.m.c.i.embedder.EclipseLogger - Using 'UTF-8' encoding to copy filtered properties files.
2024-11-29 22:51:02,824 [Worker-4: Building] INFO  o.e.m.c.i.embedder.EclipseLogger - Copying 2 resources
2024-11-29 22:51:02,851 [Worker-4: Building] INFO  o.e.m.c.i.embedder.EclipseLogger - Copying 1 resource
2024-11-29 22:51:02,862 [Worker-4: Building] INFO  o.e.m.c.i.embedder.EclipseLogger - Using 'UTF-8' encoding to copy filtered resources.
2024-11-29 22:51:02,862 [Worker-4: Building] INFO  o.e.m.c.i.embedder.EclipseLogger - Using 'UTF-8' encoding to copy filtered properties files.
2024-11-29 22:51:02,863 [Worker-4: Building] INFO  o.e.m.c.i.embedder.EclipseLogger - skip non existing resourceDirectory C:\Users\piysaxen\Desktop\DATE-28 11 24 FINAL eCOMMERCE WITH IMAGES AND CART VALIDATION\backend\ecommerce-product-service\src\test\resources
2024-11-29 22:51:30,300 [Worker-23: Building] INFO  o.e.m.c.i.embedder.EclipseLogger - Using 'UTF-8' encoding to copy filtered resources.
2024-11-29 22:51:30,300 [Worker-23: Building] INFO  o.e.m.c.i.embedder.EclipseLogger - Using 'UTF-8' encoding to copy filtered properties files.
2024-11-29 22:51:30,303 [Worker-23: Building] INFO  o.e.m.c.i.embedder.EclipseLogger - Copying 2 resources
2024-11-29 22:51:30,348 [Worker-23: Building] INFO  o.e.m.c.i.embedder.EclipseLogger - Copying 1 resource
2024-11-29 22:51:30,364 [Worker-23: Building] INFO  o.e.m.c.i.embedder.EclipseLogger - Using 'UTF-8' encoding to copy filtered resources.
2024-11-29 22:51:30,365 [Worker-23: Building] INFO  o.e.m.c.i.embedder.EclipseLogger - Using 'UTF-8' encoding to copy filtered properties files.
2024-11-29 22:51:30,366 [Worker-23: Building] INFO  o.e.m.c.i.embedder.EclipseLogger - skip non existing resourceDirectory C:\Users\piysaxen\Desktop\DATE-28 11 24 FINAL eCOMMERCE WITH IMAGES AND CART VALIDATION\backend\ecommerce-product-service\src\test\resources
2024-11-29 22:51:50,944 [Worker-4: Building] INFO  o.e.m.c.i.embedder.EclipseLogger - Using 'UTF-8' encoding to copy filtered resources.
2024-11-29 22:51:50,944 [Worker-4: Building] INFO  o.e.m.c.i.embedder.EclipseLogger - Using 'UTF-8' encoding to copy filtered properties files.
2024-11-29 22:51:50,948 [Worker-4: Building] INFO  o.e.m.c.i.embedder.EclipseLogger - Copying 2 resources
2024-11-29 22:51:50,974 [Worker-4: Building] INFO  o.e.m.c.i.embedder.EclipseLogger - Copying 1 resource
2024-11-29 22:51:50,984 [Worker-4: Building] INFO  o.e.m.c.i.embedder.EclipseLogger - Using 'UTF-8' encoding to copy filtered resources.
2024-11-29 22:51:50,985 [Worker-4: Building] INFO  o.e.m.c.i.embedder.EclipseLogger - Using 'UTF-8' encoding to copy filtered properties files.
2024-11-29 22:51:50,985 [Worker-4: Building] INFO  o.e.m.c.i.embedder.EclipseLogger - skip non existing resourceDirectory C:\Users\piysaxen\Desktop\DATE-28 11 24 FINAL eCOMMERCE WITH IMAGES AND CART VALIDATION\backend\ecommerce-product-service\src\test\resources
2024-11-29 22:52:06,859 [Worker-22: Building] INFO  o.e.m.c.i.embedder.EclipseLogger - Using 'UTF-8' encoding to copy filtered resources.
2024-11-29 22:52:06,860 [Worker-22: Building] INFO  o.e.m.c.i.embedder.EclipseLogger - Using 'UTF-8' encoding to copy filtered properties files.
2024-11-29 22:52:06,862 [Worker-22: Building] INFO  o.e.m.c.i.embedder.EclipseLogger - Copying 2 resources
2024-11-29 22:52:06,886 [Worker-22: Building] INFO  o.e.m.c.i.embedder.EclipseLogger - Copying 1 resource
2024-11-29 22:52:06,900 [Worker-22: Building] INFO  o.e.m.c.i.embedder.EclipseLogger - Using 'UTF-8' encoding to copy filtered resources.
2024-11-29 22:52:06,900 [Worker-22: Building] INFO  o.e.m.c.i.embedder.EclipseLogger - Using 'UTF-8' encoding to copy filtered properties files.
2024-11-29 22:52:06,901 [Worker-22: Building] INFO  o.e.m.c.i.embedder.EclipseLogger - skip non existing resourceDirectory C:\Users\piysaxen\Desktop\DATE-28 11 24 FINAL eCOMMERCE WITH IMAGES AND CART VALIDATION\backend\ecommerce-product-service\src\test\resources
2024-11-30 19:03:44,813 [Worker-34: Building] INFO  o.e.m.c.i.embedder.EclipseLogger - Using 'UTF-8' encoding to copy filtered resources.
2024-11-30 19:03:44,815 [Worker-34: Building] INFO  o.e.m.c.i.embedder.EclipseLogger - Using 'UTF-8' encoding to copy filtered properties files.
2024-11-30 19:03:44,816 [Worker-34: Building] INFO  o.e.m.c.i.embedder.EclipseLogger - Copying 2 resources
2024-11-30 19:03:44,838 [Worker-34: Building] INFO  o.e.m.c.i.embedder.EclipseLogger - Copying 1 resource
2024-11-30 19:03:44,845 [Worker-34: Building] INFO  o.e.m.c.i.embedder.EclipseLogger - Using 'UTF-8' encoding to copy filtered resources.
2024-11-30 19:03:44,846 [Worker-34: Building] INFO  o.e.m.c.i.embedder.EclipseLogger - Using 'UTF-8' encoding to copy filtered properties files.
2024-11-30 19:03:44,846 [Worker-34: Building] INFO  o.e.m.c.i.embedder.EclipseLogger - skip non existing resourceDirectory C:\Users\piysaxen\Desktop\DATE-28 11 24 FINAL eCOMMERCE WITH IMAGES AND CART VALIDATION\backend\ecommerce-product-service\src\test\resources
2024-11-30 19:03:52,612 [Worker-33: Building] INFO  o.e.m.c.i.embedder.EclipseLogger - Using 'UTF-8' encoding to copy filtered resources.
2024-11-30 19:03:52,612 [Worker-33: Building] INFO  o.e.m.c.i.embedder.EclipseLogger - Using 'UTF-8' encoding to copy filtered properties files.
2024-11-30 19:03:52,613 [Worker-33: Building] INFO  o.e.m.c.i.embedder.EclipseLogger - Copying 2 resources
2024-11-30 19:03:52,634 [Worker-33: Building] INFO  o.e.m.c.i.embedder.EclipseLogger - Copying 1 resource
2024-11-30 19:03:52,645 [Worker-33: Building] INFO  o.e.m.c.i.embedder.EclipseLogger - Using 'UTF-8' encoding to copy filtered resources.
2024-11-30 19:03:52,646 [Worker-33: Building] INFO  o.e.m.c.i.embedder.EclipseLogger - Using 'UTF-8' encoding to copy filtered properties files.
2024-11-30 19:03:52,646 [Worker-33: Building] INFO  o.e.m.c.i.embedder.EclipseLogger - skip non existing resourceDirectory C:\Users\piysaxen\Desktop\DATE-28 11 24 FINAL eCOMMERCE WITH IMAGES AND CART VALIDATION\backend\ecommerce-product-service\src\test\resources
